android/build/app/intermediates/manifest_merge_blame_file/debug/manifest-merger-blame-debug-report.txt
1<?xml version="1.0" encoding="utf-8"?>
2<manifest xmlns:android="http://schemas.android.com/apk/res/android"
3    package="com.example.spotify"
4    android:versionCode="1"
5    android:versionName="1.0.0" >
6
7    <uses-sdk
8        android:minSdkVersion="23"
9        android:targetSdkVersion="34" />
10    <!--
11         The INTERNET permission is required for development. Specifically,
12         the Flutter tool needs it to communicate with the running application
13         to allow setting breakpoints, to provide hot reload, etc.
14    -->
15    <uses-permission android:name="android.permission.INTERNET" />
15-->src\debug\AndroidManifest.xml:6:5-66
15-->src\debug\AndroidManifest.xml:6:22-64
16    <!--
17     Required to query activities that can process text, see:
18         https://developer.android.com/training/package-visibility and
19         https://developer.android.com/reference/android/content/Intent#ACTION_PROCESS_TEXT.
20
21         In particular, this is used by the Flutter engine in io.flutter.plugin.text.ProcessTextPlugin.
22    -->
23    <queries>
23-->src\main\AndroidManifest.xml:39:5-44:15
24        <intent>
24-->src\main\AndroidManifest.xml:40:9-43:18
25            <action android:name="android.intent.action.PROCESS_TEXT" />
25-->src\main\AndroidManifest.xml:41:13-72
25-->src\main\AndroidManifest.xml:41:21-70
26
27            <data android:mimeType="text/plain" />
27-->src\main\AndroidManifest.xml:42:13-50
27-->src\main\AndroidManifest.xml:42:19-48
28        </intent>
29    </queries> <!-- Although the *SdkVersion is captured in gradle build files, this is required for non gradle builds -->
30    <!-- <uses-sdk android:minSdkVersion="21" /> -->
31    <uses-permission android:name="android.permission.ACCESS_NETWORK_STATE" />
31-->[com.google.firebase:firebase-firestore:25.0.0] AndroidManifest.xml:10:5-79
31-->[com.google.firebase:firebase-firestore:25.0.0] AndroidManifest.xml:10:22-76
32    <uses-permission android:name="android.permission.WAKE_LOCK" />
32-->[com.google.android.gms:play-services-measurement-api:22.0.1] AndroidManifest.xml:24:5-68
32-->[com.google.android.gms:play-services-measurement-api:22.0.1] AndroidManifest.xml:24:22-65
33    <uses-permission android:name="com.google.android.gms.permission.AD_ID" />
33-->[com.google.android.gms:play-services-measurement-api:22.0.1] AndroidManifest.xml:25:5-79
33-->[com.google.android.gms:play-services-measurement-api:22.0.1] AndroidManifest.xml:25:22-76
34    <uses-permission android:name="android.permission.ACCESS_ADSERVICES_ATTRIBUTION" />
34-->[com.google.android.gms:play-services-measurement-api:22.0.1] AndroidManifest.xml:26:5-88
34-->[com.google.android.gms:play-services-measurement-api:22.0.1] AndroidManifest.xml:26:22-85
35    <uses-permission android:name="android.permission.ACCESS_ADSERVICES_AD_ID" />
35-->[com.google.android.gms:play-services-measurement-api:22.0.1] AndroidManifest.xml:27:5-82
35-->[com.google.android.gms:play-services-measurement-api:22.0.1] AndroidManifest.xml:27:22-79
36    <uses-permission android:name="com.google.android.finsky.permission.BIND_GET_INSTALL_REFERRER_SERVICE" />
36-->[com.google.android.gms:play-services-measurement:22.0.1] AndroidManifest.xml:26:5-110
36-->[com.google.android.gms:play-services-measurement:22.0.1] AndroidManifest.xml:26:22-107
37    <uses-permission android:name="com.google.android.providers.gsf.permission.READ_GSERVICES" />
37-->[com.google.android.recaptcha:recaptcha:18.4.0] AndroidManifest.xml:9:5-98
37-->[com.google.android.recaptcha:recaptcha:18.4.0] AndroidManifest.xml:9:22-95
38
39    <permission
39-->[androidx.core:core:1.13.1] AndroidManifest.xml:22:5-24:47
40        android:name="com.example.spotify.DYNAMIC_RECEIVER_NOT_EXPORTED_PERMISSION"
40-->[androidx.core:core:1.13.1] AndroidManifest.xml:23:9-81
41        android:protectionLevel="signature" />
41-->[androidx.core:core:1.13.1] AndroidManifest.xml:24:9-44
42
43    <uses-permission android:name="com.example.spotify.DYNAMIC_RECEIVER_NOT_EXPORTED_PERMISSION" />
43-->[androidx.core:core:1.13.1] AndroidManifest.xml:26:5-97
43-->[androidx.core:core:1.13.1] AndroidManifest.xml:26:22-94
44
45    <application
46        android:name="android.app.Application"
47        android:appComponentFactory="androidx.core.app.CoreComponentFactory"
47-->[androidx.core:core:1.13.1] AndroidManifest.xml:28:18-86
48        android:debuggable="true"
49        android:extractNativeLibs="false"
50        android:icon="@mipmap/ic_launcher"
51        android:label="spotify" >
52        <activity
53            android:name="com.example.spotify.MainActivity"
54            android:configChanges="orientation|keyboardHidden|keyboard|screenSize|smallestScreenSize|locale|layoutDirection|fontScale|screenLayout|density|uiMode"
55            android:exported="true"
56            android:hardwareAccelerated="true"
57            android:launchMode="singleTop"
58            android:taskAffinity=""
59            android:theme="@style/LaunchTheme"
60            android:windowSoftInputMode="adjustResize" >
61
62            <!--
63                 Specifies an Android theme to apply to this Activity as soon as
64                 the Android process has started. This theme is visible to the user
65                 while the Flutter UI initializes. After that, this theme continues
66                 to determine the Window background behind the Flutter UI.
67            -->
68            <meta-data
69                android:name="io.flutter.embedding.android.NormalTheme"
70                android:resource="@style/NormalTheme" />
71
72            <intent-filter>
73                <action android:name="android.intent.action.MAIN" />
74
75                <category android:name="android.intent.category.LAUNCHER" />
76            </intent-filter>
77        </activity>
78        <!--
79             Don't delete the meta-data below.
80             This is used by the Flutter tool to generate GeneratedPluginRegistrant.java
81        -->
82        <meta-data
83            android:name="flutterEmbedding"
84            android:value="2" />
85
86        <service
86-->[:cloud_firestore] AndroidManifest.xml:10:9-14:19
87            android:name="com.google.firebase.components.ComponentDiscoveryService"
87-->[:cloud_firestore] AndroidManifest.xml:10:18-89
88            android:directBootAware="true"
88-->[com.google.firebase:firebase-common:21.0.0] AndroidManifest.xml:32:13-43
89            android:exported="false" >
89-->[com.google.firebase:firebase-firestore:25.0.0] AndroidManifest.xml:16:13-37
90            <meta-data
90-->[:cloud_firestore] AndroidManifest.xml:11:13-13:85
91                android:name="com.google.firebase.components:io.flutter.plugins.firebase.firestore.FlutterFirebaseFirestoreRegistrar"
91-->[:cloud_firestore] AndroidManifest.xml:12:17-134
92                android:value="com.google.firebase.components.ComponentRegistrar" />
92-->[:cloud_firestore] AndroidManifest.xml:13:17-82
93            <meta-data
93-->[:firebase_auth] AndroidManifest.xml:11:13-13:85
94                android:name="com.google.firebase.components:io.flutter.plugins.firebase.auth.FlutterFirebaseAuthRegistrar"
94-->[:firebase_auth] AndroidManifest.xml:12:17-124
95                android:value="com.google.firebase.components.ComponentRegistrar" />
95-->[:firebase_auth] AndroidManifest.xml:13:17-82
96            <meta-data
96-->[:firebase_core] AndroidManifest.xml:11:13-13:85
97                android:name="com.google.firebase.components:io.flutter.plugins.firebase.core.FlutterFirebaseCoreRegistrar"
97-->[:firebase_core] AndroidManifest.xml:12:17-124
98                android:value="com.google.firebase.components.ComponentRegistrar" />
98-->[:firebase_core] AndroidManifest.xml:13:17-82
99            <meta-data
99-->[com.google.firebase:firebase-firestore:25.0.0] AndroidManifest.xml:17:13-19:85
100                android:name="com.google.firebase.components:com.google.firebase.firestore.FirebaseFirestoreKtxRegistrar"
100-->[com.google.firebase:firebase-firestore:25.0.0] AndroidManifest.xml:18:17-122
101                android:value="com.google.firebase.components.ComponentRegistrar" />
101-->[com.google.firebase:firebase-firestore:25.0.0] AndroidManifest.xml:19:17-82
102            <meta-data
102-->[com.google.firebase:firebase-firestore:25.0.0] AndroidManifest.xml:20:13-22:85
103                android:name="com.google.firebase.components:com.google.firebase.firestore.FirestoreRegistrar"
103-->[com.google.firebase:firebase-firestore:25.0.0] AndroidManifest.xml:21:17-111
104                android:value="com.google.firebase.components.ComponentRegistrar" />
104-->[com.google.firebase:firebase-firestore:25.0.0] AndroidManifest.xml:22:17-82
105            <meta-data
105-->[com.google.firebase:firebase-auth:23.0.0] AndroidManifest.xml:69:13-71:85
106                android:name="com.google.firebase.components:com.google.firebase.auth.FirebaseAuthRegistrar"
106-->[com.google.firebase:firebase-auth:23.0.0] AndroidManifest.xml:70:17-109
107                android:value="com.google.firebase.components.ComponentRegistrar" />
107-->[com.google.firebase:firebase-auth:23.0.0] AndroidManifest.xml:71:17-82
108            <meta-data
108-->[com.google.android.gms:play-services-measurement-api:22.0.1] AndroidManifest.xml:37:13-39:85
109                android:name="com.google.firebase.components:com.google.firebase.analytics.connector.internal.AnalyticsConnectorRegistrar"
109-->[com.google.android.gms:play-services-measurement-api:22.0.1] AndroidManifest.xml:38:17-139
110                android:value="com.google.firebase.components.ComponentRegistrar" />
110-->[com.google.android.gms:play-services-measurement-api:22.0.1] AndroidManifest.xml:39:17-82
111            <meta-data
111-->[com.google.firebase:firebase-installations:18.0.0] AndroidManifest.xml:15:13-17:85
112                android:name="com.google.firebase.components:com.google.firebase.installations.FirebaseInstallationsKtxRegistrar"
112-->[com.google.firebase:firebase-installations:18.0.0] AndroidManifest.xml:16:17-130
113                android:value="com.google.firebase.components.ComponentRegistrar" />
113-->[com.google.firebase:firebase-installations:18.0.0] AndroidManifest.xml:17:17-82
114            <meta-data
114-->[com.google.firebase:firebase-installations:18.0.0] AndroidManifest.xml:18:13-20:85
115                android:name="com.google.firebase.components:com.google.firebase.installations.FirebaseInstallationsRegistrar"
115-->[com.google.firebase:firebase-installations:18.0.0] AndroidManifest.xml:19:17-127
116                android:value="com.google.firebase.components.ComponentRegistrar" />
116-->[com.google.firebase:firebase-installations:18.0.0] AndroidManifest.xml:20:17-82
117            <meta-data
117-->[com.google.firebase:firebase-common-ktx:21.0.0] AndroidManifest.xml:12:13-14:85
118                android:name="com.google.firebase.components:com.google.firebase.ktx.FirebaseCommonLegacyRegistrar"
118-->[com.google.firebase:firebase-common-ktx:21.0.0] AndroidManifest.xml:13:17-116
119                android:value="com.google.firebase.components.ComponentRegistrar" />
119-->[com.google.firebase:firebase-common-ktx:21.0.0] AndroidManifest.xml:14:17-82
120            <meta-data
120-->[com.google.firebase:firebase-common:21.0.0] AndroidManifest.xml:35:13-37:85
121                android:name="com.google.firebase.components:com.google.firebase.FirebaseCommonKtxRegistrar"
121-->[com.google.firebase:firebase-common:21.0.0] AndroidManifest.xml:36:17-109
122                android:value="com.google.firebase.components.ComponentRegistrar" />
122-->[com.google.firebase:firebase-common:21.0.0] AndroidManifest.xml:37:17-82
123        </service>
124
125        <activity
125-->[com.google.firebase:firebase-auth:23.0.0] AndroidManifest.xml:29:9-46:20
126            android:name="com.google.firebase.auth.internal.GenericIdpActivity"
126-->[com.google.firebase:firebase-auth:23.0.0] AndroidManifest.xml:30:13-80
127            android:excludeFromRecents="true"
127-->[com.google.firebase:firebase-auth:23.0.0] AndroidManifest.xml:31:13-46
128            android:exported="true"
128-->[com.google.firebase:firebase-auth:23.0.0] AndroidManifest.xml:32:13-36
129            android:launchMode="singleTask"
129-->[com.google.firebase:firebase-auth:23.0.0] AndroidManifest.xml:33:13-44
130            android:theme="@android:style/Theme.Translucent.NoTitleBar" >
130-->[com.google.firebase:firebase-auth:23.0.0] AndroidManifest.xml:34:13-72
131            <intent-filter>
131-->[com.google.firebase:firebase-auth:23.0.0] AndroidManifest.xml:35:13-45:29
132                <action android:name="android.intent.action.VIEW" />
132-->[com.google.firebase:firebase-auth:23.0.0] AndroidManifest.xml:36:17-69
132-->[com.google.firebase:firebase-auth:23.0.0] AndroidManifest.xml:36:25-66
133
134                <category android:name="android.intent.category.DEFAULT" />
134-->[com.google.firebase:firebase-auth:23.0.0] AndroidManifest.xml:38:17-76
134-->[com.google.firebase:firebase-auth:23.0.0] AndroidManifest.xml:38:27-73
135                <category android:name="android.intent.category.BROWSABLE" />
135-->[com.google.firebase:firebase-auth:23.0.0] AndroidManifest.xml:39:17-78
135-->[com.google.firebase:firebase-auth:23.0.0] AndroidManifest.xml:39:27-75
136
137                <data
137-->src\main\AndroidManifest.xml:42:13-50
138                    android:host="firebase.auth"
139                    android:path="/"
140                    android:scheme="genericidp" />
141            </intent-filter>
142        </activity>
143        <activity
143-->[com.google.firebase:firebase-auth:23.0.0] AndroidManifest.xml:47:9-64:20
144            android:name="com.google.firebase.auth.internal.RecaptchaActivity"
144-->[com.google.firebase:firebase-auth:23.0.0] AndroidManifest.xml:48:13-79
145            android:excludeFromRecents="true"
145-->[com.google.firebase:firebase-auth:23.0.0] AndroidManifest.xml:49:13-46
146            android:exported="true"
146-->[com.google.firebase:firebase-auth:23.0.0] AndroidManifest.xml:50:13-36
147            android:launchMode="singleTask"
147-->[com.google.firebase:firebase-auth:23.0.0] AndroidManifest.xml:51:13-44
148            android:theme="@android:style/Theme.Translucent.NoTitleBar" >
148-->[com.google.firebase:firebase-auth:23.0.0] AndroidManifest.xml:52:13-72
149            <intent-filter>
149-->[com.google.firebase:firebase-auth:23.0.0] AndroidManifest.xml:53:13-63:29
150                <action android:name="android.intent.action.VIEW" />
150-->[com.google.firebase:firebase-auth:23.0.0] AndroidManifest.xml:36:17-69
150-->[com.google.firebase:firebase-auth:23.0.0] AndroidManifest.xml:36:25-66
151
152                <category android:name="android.intent.category.DEFAULT" />
152-->[com.google.firebase:firebase-auth:23.0.0] AndroidManifest.xml:38:17-76
152-->[com.google.firebase:firebase-auth:23.0.0] AndroidManifest.xml:38:27-73
153                <category android:name="android.intent.category.BROWSABLE" />
153-->[com.google.firebase:firebase-auth:23.0.0] AndroidManifest.xml:39:17-78
153-->[com.google.firebase:firebase-auth:23.0.0] AndroidManifest.xml:39:27-75
154
155                <data
155-->src\main\AndroidManifest.xml:42:13-50
156                    android:host="firebase.auth"
157                    android:path="/"
158                    android:scheme="recaptcha" />
159            </intent-filter>
160        </activity>
161
162        <property
162-->[com.google.android.gms:play-services-measurement-api:22.0.1] AndroidManifest.xml:30:9-32:61
163            android:name="android.adservices.AD_SERVICES_CONFIG"
163-->[com.google.android.gms:play-services-measurement-api:22.0.1] AndroidManifest.xml:31:13-65
164            android:resource="@xml/ga_ad_services_config" />
164-->[com.google.android.gms:play-services-measurement-api:22.0.1] AndroidManifest.xml:32:13-58
165
166        <provider
166-->[com.google.firebase:firebase-common:21.0.0] AndroidManifest.xml:23:9-28:39
167            android:name="com.google.firebase.provider.FirebaseInitProvider"
167-->[com.google.firebase:firebase-common:21.0.0] AndroidManifest.xml:24:13-77
168            android:authorities="com.example.spotify.firebaseinitprovider"
168-->[com.google.firebase:firebase-common:21.0.0] AndroidManifest.xml:25:13-72
169            android:directBootAware="true"
169-->[com.google.firebase:firebase-common:21.0.0] AndroidManifest.xml:26:13-43
170            android:exported="false"
170-->[com.google.firebase:firebase-common:21.0.0] AndroidManifest.xml:27:13-37
171            android:initOrder="100" />
171-->[com.google.firebase:firebase-common:21.0.0] AndroidManifest.xml:28:13-36
172
173        <service
173-->[androidx.credentials:credentials-play-services-auth:1.2.0-rc01] AndroidManifest.xml:24:9-32:19
174            android:name="androidx.credentials.playservices.CredentialProviderMetadataHolder"
174-->[androidx.credentials:credentials-play-services-auth:1.2.0-rc01] AndroidManifest.xml:25:13-94
175            android:enabled="true"
175-->[androidx.credentials:credentials-play-services-auth:1.2.0-rc01] AndroidManifest.xml:26:13-35
176            android:exported="false" >
176-->[androidx.credentials:credentials-play-services-auth:1.2.0-rc01] AndroidManifest.xml:27:13-37
177            <meta-data
177-->[androidx.credentials:credentials-play-services-auth:1.2.0-rc01] AndroidManifest.xml:29:13-31:104
178                android:name="androidx.credentials.CREDENTIAL_PROVIDER_KEY"
178-->[androidx.credentials:credentials-play-services-auth:1.2.0-rc01] AndroidManifest.xml:30:17-76
179                android:value="androidx.credentials.playservices.CredentialProviderPlayServicesImpl" />
179-->[androidx.credentials:credentials-play-services-auth:1.2.0-rc01] AndroidManifest.xml:31:17-101
180        </service>
181
182        <activity
182-->[androidx.credentials:credentials-play-services-auth:1.2.0-rc01] AndroidManifest.xml:34:9-41:20
183            android:name="androidx.credentials.playservices.HiddenActivity"
183-->[androidx.credentials:credentials-play-services-auth:1.2.0-rc01] AndroidManifest.xml:35:13-76
184            android:configChanges="orientation|screenSize|screenLayout|keyboardHidden"
184-->[androidx.credentials:credentials-play-services-auth:1.2.0-rc01] AndroidManifest.xml:36:13-87
185            android:enabled="true"
185-->[androidx.credentials:credentials-play-services-auth:1.2.0-rc01] AndroidManifest.xml:37:13-35
186            android:exported="false"
186-->[androidx.credentials:credentials-play-services-auth:1.2.0-rc01] AndroidManifest.xml:38:13-37
187            android:fitsSystemWindows="true"
187-->[androidx.credentials:credentials-play-services-auth:1.2.0-rc01] AndroidManifest.xml:39:13-45
188            android:theme="@style/Theme.Hidden" >
188-->[androidx.credentials:credentials-play-services-auth:1.2.0-rc01] AndroidManifest.xml:40:13-48
189        </activity>
190        <activity
190-->[com.google.android.gms:play-services-auth:20.7.0] AndroidManifest.xml:23:9-27:75
191            android:name="com.google.android.gms.auth.api.signin.internal.SignInHubActivity"
191-->[com.google.android.gms:play-services-auth:20.7.0] AndroidManifest.xml:24:13-93
192            android:excludeFromRecents="true"
192-->[com.google.android.gms:play-services-auth:20.7.0] AndroidManifest.xml:25:13-46
193            android:exported="false"
193-->[com.google.android.gms:play-services-auth:20.7.0] AndroidManifest.xml:26:13-37
194            android:theme="@android:style/Theme.Translucent.NoTitleBar" />
194-->[com.google.android.gms:play-services-auth:20.7.0] AndroidManifest.xml:27:13-72
195        <!--
196            Service handling Google Sign-In user revocation. For apps that do not integrate with
197            Google Sign-In, this service will never be started.
198        -->
199        <service
199-->[com.google.android.gms:play-services-auth:20.7.0] AndroidManifest.xml:33:9-37:51
200            android:name="com.google.android.gms.auth.api.signin.RevocationBoundService"
200-->[com.google.android.gms:play-services-auth:20.7.0] AndroidManifest.xml:34:13-89
201            android:exported="true"
201-->[com.google.android.gms:play-services-auth:20.7.0] AndroidManifest.xml:35:13-36
202            android:permission="com.google.android.gms.auth.api.signin.permission.REVOCATION_NOTIFICATION"
202-->[com.google.android.gms:play-services-auth:20.7.0] AndroidManifest.xml:36:13-107
203            android:visibleToInstantApps="true" />
203-->[com.google.android.gms:play-services-auth:20.7.0] AndroidManifest.xml:37:13-48
204
205        <activity
205-->[com.google.android.gms:play-services-base:18.0.1] AndroidManifest.xml:20:9-22:45
206            android:name="com.google.android.gms.common.api.GoogleApiActivity"
206-->[com.google.android.gms:play-services-base:18.0.1] AndroidManifest.xml:20:19-85
207            android:exported="false"
207-->[com.google.android.gms:play-services-base:18.0.1] AndroidManifest.xml:22:19-43
208            android:theme="@android:style/Theme.Translucent.NoTitleBar" />
208-->[com.google.android.gms:play-services-base:18.0.1] AndroidManifest.xml:21:19-78
209
210        <receiver
210-->[com.google.android.gms:play-services-measurement:22.0.1] AndroidManifest.xml:29:9-33:20
211            android:name="com.google.android.gms.measurement.AppMeasurementReceiver"
211-->[com.google.android.gms:play-services-measurement:22.0.1] AndroidManifest.xml:30:13-85
212            android:enabled="true"
212-->[com.google.android.gms:play-services-measurement:22.0.1] AndroidManifest.xml:31:13-35
213            android:exported="false" >
213-->[com.google.android.gms:play-services-measurement:22.0.1] AndroidManifest.xml:32:13-37
214        </receiver>
215
216        <service
216-->[com.google.android.gms:play-services-measurement:22.0.1] AndroidManifest.xml:35:9-38:40
217            android:name="com.google.android.gms.measurement.AppMeasurementService"
217-->[com.google.android.gms:play-services-measurement:22.0.1] AndroidManifest.xml:36:13-84
218            android:enabled="true"
218-->[com.google.android.gms:play-services-measurement:22.0.1] AndroidManifest.xml:37:13-35
219            android:exported="false" />
219-->[com.google.android.gms:play-services-measurement:22.0.1] AndroidManifest.xml:38:13-37
220        <service
220-->[com.google.android.gms:play-services-measurement:22.0.1] AndroidManifest.xml:39:9-43:72
221            android:name="com.google.android.gms.measurement.AppMeasurementJobService"
221-->[com.google.android.gms:play-services-measurement:22.0.1] AndroidManifest.xml:40:13-87
222            android:enabled="true"
222-->[com.google.android.gms:play-services-measurement:22.0.1] AndroidManifest.xml:41:13-35
223            android:exported="false"
223-->[com.google.android.gms:play-services-measurement:22.0.1] AndroidManifest.xml:42:13-37
224            android:permission="android.permission.BIND_JOB_SERVICE" />
224-->[com.google.android.gms:play-services-measurement:22.0.1] AndroidManifest.xml:43:13-69
225
226        <uses-library
226-->[androidx.window:window:1.2.0] AndroidManifest.xml:23:9-25:40
227            android:name="androidx.window.extensions"
227-->[androidx.window:window:1.2.0] AndroidManifest.xml:24:13-54
228            android:required="false" />
228-->[androidx.window:window:1.2.0] AndroidManifest.xml:25:13-37
229        <uses-library
229-->[androidx.window:window:1.2.0] AndroidManifest.xml:26:9-28:40
230            android:name="androidx.window.sidecar"
230-->[androidx.window:window:1.2.0] AndroidManifest.xml:27:13-51
231            android:required="false" />
231-->[androidx.window:window:1.2.0] AndroidManifest.xml:28:13-37
232        <uses-library
232-->[androidx.privacysandbox.ads:ads-adservices:1.0.0-beta05] AndroidManifest.xml:23:9-25:40
233            android:name="android.ext.adservices"
233-->[androidx.privacysandbox.ads:ads-adservices:1.0.0-beta05] AndroidManifest.xml:24:13-50
234            android:required="false" />
234-->[androidx.privacysandbox.ads:ads-adservices:1.0.0-beta05] AndroidManifest.xml:25:13-37
235
236        <meta-data
236-->[com.google.android.gms:play-services-basement:18.3.0] AndroidManifest.xml:21:9-23:69
237            android:name="com.google.android.gms.version"
237-->[com.google.android.gms:play-services-basement:18.3.0] AndroidManifest.xml:22:13-58
238            android:value="@integer/google_play_services_version" />
238-->[com.google.android.gms:play-services-basement:18.3.0] AndroidManifest.xml:23:13-66
239
240        <provider
240-->[androidx.lifecycle:lifecycle-process:2.7.0] AndroidManifest.xml:24:9-32:20
241            android:name="androidx.startup.InitializationProvider"
241-->[androidx.lifecycle:lifecycle-process:2.7.0] AndroidManifest.xml:25:13-67
242            android:authorities="com.example.spotify.androidx-startup"
242-->[androidx.lifecycle:lifecycle-process:2.7.0] AndroidManifest.xml:26:13-68
243            android:exported="false" >
243-->[androidx.lifecycle:lifecycle-process:2.7.0] AndroidManifest.xml:27:13-37
244            <meta-data
244-->[androidx.lifecycle:lifecycle-process:2.7.0] AndroidManifest.xml:29:13-31:52
245                android:name="androidx.lifecycle.ProcessLifecycleInitializer"
245-->[androidx.lifecycle:lifecycle-process:2.7.0] AndroidManifest.xml:30:17-78
246                android:value="androidx.startup" />
246-->[androidx.lifecycle:lifecycle-process:2.7.0] AndroidManifest.xml:31:17-49
247            <meta-data
247-->[androidx.profileinstaller:profileinstaller:1.3.1] AndroidManifest.xml:29:13-31:52
248                android:name="androidx.profileinstaller.ProfileInstallerInitializer"
248-->[androidx.profileinstaller:profileinstaller:1.3.1] AndroidManifest.xml:30:17-85
249                android:value="androidx.startup" />
249-->[androidx.profileinstaller:profileinstaller:1.3.1] AndroidManifest.xml:31:17-49
250        </provider>
251
252        <receiver
252-->[androidx.profileinstaller:profileinstaller:1.3.1] AndroidManifest.xml:34:9-52:20
253            android:name="androidx.profileinstaller.ProfileInstallReceiver"
253-->[androidx.profileinstaller:profileinstaller:1.3.1] AndroidManifest.xml:35:13-76
254            android:directBootAware="false"
254-->[androidx.profileinstaller:profileinstaller:1.3.1] AndroidManifest.xml:36:13-44
255            android:enabled="true"
255-->[androidx.profileinstaller:profileinstaller:1.3.1] AndroidManifest.xml:37:13-35
256            android:exported="true"
256-->[androidx.profileinstaller:profileinstaller:1.3.1] AndroidManifest.xml:38:13-36
257            android:permission="android.permission.DUMP" >
257-->[androidx.profileinstaller:profileinstaller:1.3.1] AndroidManifest.xml:39:13-57
258            <intent-filter>
258-->[androidx.profileinstaller:profileinstaller:1.3.1] AndroidManifest.xml:40:13-42:29
259                <action android:name="androidx.profileinstaller.action.INSTALL_PROFILE" />
259-->[androidx.profileinstaller:profileinstaller:1.3.1] AndroidManifest.xml:41:17-91
259-->[androidx.profileinstaller:profileinstaller:1.3.1] AndroidManifest.xml:41:25-88
260            </intent-filter>
261            <intent-filter>
261-->[androidx.profileinstaller:profileinstaller:1.3.1] AndroidManifest.xml:43:13-45:29
262                <action android:name="androidx.profileinstaller.action.SKIP_FILE" />
262-->[androidx.profileinstaller:profileinstaller:1.3.1] AndroidManifest.xml:44:17-85
262-->[androidx.profileinstaller:profileinstaller:1.3.1] AndroidManifest.xml:44:25-82
263            </intent-filter>
264            <intent-filter>
264-->[androidx.profileinstaller:profileinstaller:1.3.1] AndroidManifest.xml:46:13-48:29
265                <action android:name="androidx.profileinstaller.action.SAVE_PROFILE" />
265-->[androidx.profileinstaller:profileinstaller:1.3.1] AndroidManifest.xml:47:17-88
265-->[androidx.profileinstaller:profileinstaller:1.3.1] AndroidManifest.xml:47:25-85
266            </intent-filter>
267            <intent-filter>
267-->[androidx.profileinstaller:profileinstaller:1.3.1] AndroidManifest.xml:49:13-51:29
268                <action android:name="androidx.profileinstaller.action.BENCHMARK_OPERATION" />
268-->[androidx.profileinstaller:profileinstaller:1.3.1] AndroidManifest.xml:50:17-95
268-->[androidx.profileinstaller:profileinstaller:1.3.1] AndroidManifest.xml:50:25-92
269            </intent-filter>
270        </receiver>
271    </application>
272
273</manifest>